-------------------------------------------------------------------------------
Test set: MomentumStore.DemoApplicationTests
-------------------------------------------------------------------------------
Tests run: 1, Failures: 0, Errors: 1, Skipped: 0, Time elapsed: 0.449 s <<< FAILURE! - in MomentumStore.DemoApplicationTests
MomentumStore.DemoApplicationTests  Time elapsed: 0.447 s  <<< ERROR!
java.lang.IllegalStateException: Unable to find a @SpringBootConfiguration, you need to use @ContextConfiguration or @SpringBootTest(classes=...) with your test

